#
# A fatal error has been detected by the Java Runtime Environment:
#
#  SIGSEGV (0xb) at pc=0x000000010682317c, pid=6330, tid=18691
#
# JRE version: Java(TM) SE Runtime Environment (8.0_31-b13) (build 1.8.0_31-b13)
# Java VM: Java HotSpot(TM) 64-Bit Server VM (25.31-b07 mixed mode bsd-amd64 compressed oops)
# Problematic frame:
# V  [libjvm.dylib+0x42317c]
#
# Failed to write core dump. Core dumps have been disabled. To enable core dumping, try "ulimit -c unlimited" before starting Java again
#
# If you would like to submit a bug report, please visit:
#   http://bugreport.java.com/bugreport/crash.jsp
#

---------------  T H R E A D  ---------------

Current thread (0x00007fc4bb811000):  JavaThread "JDWP Transport Listener: dt_socket" daemon [_thread_in_vm, id=18691, stack(0x0000000121131000,0x0000000121231000)]

siginfo: si_signo: 11 (SIGSEGV), si_code: 0 (unknown), si_addr: 0x0000000000000000

Registers:
RAX=0x0000000000000001, RBX=0x0000000121230a8b, RCX=0x0000000106bd7c70, RDX=0x0000000121230a8b
RSP=0x00000001212309d0, RBP=0x00000001212309e0, RSI=0x00007fc4bb811000, RDI=0x0004797274003b6e
R8 =0x0000000000000000, R9 =0x00007fc4b9f00000, R10=0x0000000000000010, R11=0x00007fc4b9f00000
R12=0x00007fc4bb811000, R13=0x0004797274003b6e, R14=0x0004797274003b6e, R15=0x00007fc4b9e004c0
RIP=0x000000010682317c, EFLAGS=0x0000000000010202, ERR=0x0000000000000000
  TRAPNO=0x000000000000000d

Top of Stack: (sp=0x00000001212309d0)
0x00000001212309d0:   0000000121230a8b 0000000121230a8b
0x00000001212309e0:   0000000121230a40 000000010673519e
0x00000001212309f0:   00007fc4bb811000 0000000000000000
0x0000000121230a00:   0000000000000000 0000000000000000
0x0000000121230a10:   00007fc4bb811000 00007fc4bb811000
0x0000000121230a20:   0000000121230a8b 0000000121230a90
0x0000000121230a30:   0004797274003b6e 0000000000000007
0x0000000121230a40:   0000000121230a60 000000010733f7dc
0x0000000121230a50:   0000000000000001 0000000121230b08
0x0000000121230a60:   0000000121230ad0 0000000107324263
0x0000000121230a70:   0000000121230aa0 00007fc4b9f93680
0x0000000121230a80:   0000000800000032 0000000900230b08
0x0000000121230a90:   0000000000000000 0000000000000000
0x0000000121230aa0:   0000000000000000 0000000121230c90
0x0000000121230ab0:   0000000107346eca 00007fc4b9df4db0
0x0000000121230ac0:   0000000121230b08 0000000107352588
0x0000000121230ad0:   0000000121230ae0 000000010732435c
0x0000000121230ae0:   0000000121230d00 000000010732d8f6
0x0000000121230af0:   0000adf700000013 00000000000f0200
0x0000000121230b00:   00007fc4b9df68f0 00007fc4b9f8fa9a
0x0000000121230b10:   00007fc40000017e 00007fc4c0924980
0x0000000121230b20:   00007fc40000012c 0000000121230b58
0x0000000121230b30:   00007fc4c0924980 00007f0000000000
0x0000000121230b40:   0000adf70000001c 00007fff0000a780
0x0000000121230b50:   0000000121230b58 c47f000008000000
0x0000000121230b60:   06000000502f92c0 00003e74696e693c
0x0000000121230b70:   0000005629280300 7f00000100000000
0x0000000121230b80:   000000582f92c0c4 0000006576617304
0x0000000121230b90:   2f6176616a4c2827 6a624f2f676e616c
0x0000000121230ba0:   6a4c29493b746365 676e616c2f617661
0x0000000121230bb0:   3b7463656a624f2f 0900000000000000
0x0000000121230bc0:   882f92c0c47f0000 4f74656711000000 

Instructions: (pc=0x000000010682317c)
0x000000010682315c:   40 48 48 85 c0 75 e0 30 c0 0f b6 c0 5d c3 31 c0
0x000000010682316c:   5d c3 55 48 89 e5 53 48 83 ec 08 48 85 ff 74 24
0x000000010682317c:   48 8b 1f 48 85 db 74 1c 48 83 fb 37 74 16 48 8b
0x000000010682318c:   03 48 89 df ff 50 10 84 c0 b8 00 00 00 00 48 0f 

Register to memory mapping:

RAX=0x0000000000000001 is an unknown value
RBX=0x0000000121230a8b is pointing into the stack for thread: 0x00007fc4bb811000
RCX=0x0000000106bd7c70: UseMembar+0 in /Library/Java/JavaVirtualMachines/jdk1.8.0_31.jdk/Contents/Home/jre/lib/server/libjvm.dylib at 0x0000000106400000
RDX=0x0000000121230a8b is pointing into the stack for thread: 0x00007fc4bb811000
RSP=0x00000001212309d0 is pointing into the stack for thread: 0x00007fc4bb811000
RBP=0x00000001212309e0 is pointing into the stack for thread: 0x00007fc4bb811000
RSI=0x00007fc4bb811000 is a thread
RDI=0x0004797274003b6e is an unknown value
R8 =0x0000000000000000 is an unknown value
R9 =0x00007fc4b9f00000 is an unknown value
R10=0x0000000000000010 is an unknown value
R11=0x00007fc4b9f00000 is an unknown value
R12=0x00007fc4bb811000 is a thread
R13=0x0004797274003b6e is an unknown value
R14=0x0004797274003b6e is an unknown value
R15=0x00007fc4b9e004c0 is an unknown value


Stack: [0x0000000121131000,0x0000000121231000],  sp=0x00000001212309d0,  free space=1022k
Native frames: (J=compiled Java code, j=interpreted, Vv=VM code, C=native code)
V  [libjvm.dylib+0x42317c]
V  [libjvm.dylib+0x33519e]
C  [libjdwp.dylib+0x207dc]  isMethodSynthetic+0x63
C  [libjdwp.dylib+0x5263]  methods1+0x10b
C  [libjdwp.dylib+0x535c]  methodsWithGeneric+0xe
C  [libjdwp.dylib+0xe8f6]  debugLoop_run+0x1ce
C  [libjdwp.dylib+0x1f716]  attachThread+0x4d
V  [libjvm.dylib+0x3761fe]
V  [libjvm.dylib+0x5360cf]
V  [libjvm.dylib+0x53780c]
V  [libjvm.dylib+0x45d772]
C  [libsystem_pthread.dylib+0x405a]  _pthread_body+0x83
C  [libsystem_pthread.dylib+0x3fd7]  _pthread_body+0x0
C  [libsystem_pthread.dylib+0x13ed]  thread_start+0xd
C  0x0000000000000000


---------------  P R O C E S S  ---------------

Java Threads: ( => current thread )
  0x00007fc4bb195000 JavaThread "TimerQueue" daemon [_thread_blocked, id=38987, stack(0x000000011f77e000,0x000000011f87e000)]
  0x00007fc4ba0a1800 JavaThread "Java2D Disposer" daemon [_thread_blocked, id=56079, stack(0x0000000126958000,0x0000000126a58000)]
  0x00007fc4ba8e3000 JavaThread "Java2D Queue Flusher" daemon [_thread_blocked, id=55815, stack(0x0000000126076000,0x0000000126176000)]
  0x00007fc4bb801800 JavaThread "DestroyJavaVM" [_thread_blocked, id=4867, stack(0x0000000105288000,0x0000000105388000)]
  0x00007fc4bb8d7800 JavaThread "AWT-EventQueue-0" [_thread_blocked, id=54283, stack(0x0000000125f73000,0x0000000126073000)]
  0x00007fc4bb8c4800 JavaThread "AWT-Shutdown" [_thread_blocked, id=32275, stack(0x00000001233f4000,0x00000001234f4000)]
  0x00007fc4bb85d800 JavaThread "AppKit Thread" daemon [_thread_in_native, id=1811, stack(0x00007fff5a28e000,0x00007fff5aa8e000)]
  0x00007fc4ba010000 JavaThread "Service Thread" daemon [_thread_blocked, id=22275, stack(0x0000000121846000,0x0000000121946000)]
  0x00007fc4bb02b000 JavaThread "C1 CompilerThread3" daemon [_thread_blocked, id=21763, stack(0x0000000121743000,0x0000000121843000)]
  0x00007fc4bb82a800 JavaThread "C2 CompilerThread2" daemon [_thread_blocked, id=21251, stack(0x0000000121640000,0x0000000121740000)]
  0x00007fc4ba830000 JavaThread "C2 CompilerThread1" daemon [_thread_blocked, id=20739, stack(0x000000012153d000,0x000000012163d000)]
  0x00007fc4bd801800 JavaThread "C2 CompilerThread0" daemon [_thread_blocked, id=20227, stack(0x000000012143a000,0x000000012153a000)]
  0x00007fc4ba00d000 JavaThread "JDWP Command Reader" daemon [_thread_in_native, id=19715, stack(0x0000000121337000,0x0000000121437000)]
  0x00007fc4bb82a000 JavaThread "JDWP Event Helper Thread" daemon [_thread_blocked, id=19203, stack(0x0000000121234000,0x0000000121334000)]
=>0x00007fc4bb811000 JavaThread "JDWP Transport Listener: dt_socket" daemon [_thread_in_vm, id=18691, stack(0x0000000121131000,0x0000000121231000)]
  0x00007fc4bb810800 JavaThread "Signal Dispatcher" daemon [_thread_blocked, id=15379, stack(0x0000000121027000,0x0000000121127000)]
  0x00007fc4ba842800 JavaThread "Finalizer" daemon [_thread_blocked, id=13571, stack(0x000000011f61e000,0x000000011f71e000)]
  0x00007fc4ba801000 JavaThread "Reference Handler" daemon [_thread_blocked, id=13059, stack(0x000000011f51b000,0x000000011f61b000)]

Other Threads:
  0x00007fc4bb018800 VMThread [stack: 0x000000011f418000,0x000000011f518000] [id=12547]
  0x00007fc4ba00f000 WatcherThread [stack: 0x0000000121949000,0x0000000121a49000] [id=22787]

VM state:not at safepoint (normal execution)

VM Mutex/Monitor currently owned by a thread: None

Heap:
 PSYoungGen      total 47616K, used 27953K [0x000000078ab00000, 0x000000078e000000, 0x00000007c0000000)
  eden space 40960K, 68% used [0x000000078ab00000,0x000000078c64c550,0x000000078d300000)
  from space 6656K, 0% used [0x000000078d980000,0x000000078d980000,0x000000078e000000)
  to   space 6656K, 0% used [0x000000078d300000,0x000000078d300000,0x000000078d980000)
 ParOldGen       total 109568K, used 0K [0x0000000720000000, 0x0000000726b00000, 0x000000078ab00000)
  object space 109568K, 0% used [0x0000000720000000,0x0000000720000000,0x0000000726b00000)
 Metaspace       used 16535K, capacity 16782K, committed 17152K, reserved 1064960K
  class space    used 2191K, capacity 2239K, committed 2304K, reserved 1048576K

Card table byte_map: [0x000000011672a000,0x0000000116c2b000] byte_map_base: 0x0000000112e2a000

Marking Bits: (ParMarkBitMap*) 0x0000000106c9e410
 Begin Bits: [0x0000000117799000, 0x0000000119f99000)
 End Bits:   [0x0000000119f99000, 0x000000011c799000)

Polling page: 0x00000001053cc000

CodeCache: size=245760Kb used=4098Kb max_used=4098Kb free=241661Kb
 bounds [0x000000010736a000, 0x000000010777a000, 0x000000011636a000]
 total_blobs=1687 nmethods=1159 adapters=450
 compilation: enabled

Compilation events (10 events):
Event: 2573.285 Thread 0x00007fc4bb02b000 1226   !   3       sun.java2d.SunGraphics2D::hitClip (269 bytes)
Event: 2573.287 Thread 0x00007fc4bb02b000 nmethod 1226 0x0000000107768190 code [0x0000000107768520, 0x0000000107769488]
Event: 2573.287 Thread 0x00007fc4bb02b000 1227       3       sun.java2d.SunGraphics2D::setComposite (223 bytes)
Event: 2573.288 Thread 0x00007fc4bb02b000 nmethod 1227 0x0000000107769c50 code [0x0000000107769e80, 0x000000010776ac68]
Event: 2573.288 Thread 0x00007fc4bb02b000 1228       3       sun.java2d.loops.CompositeType::forAlphaComposite (152 bytes)
Event: 2573.289 Thread 0x00007fc4bb02b000 nmethod 1228 0x000000010776aed0 code [0x000000010776b0c0, 0x000000010776b748]
Event: 2573.289 Thread 0x00007fc4bb02b000 1229       3       sun.java2d.SunGraphics2D::getClipBounds (21 bytes)
Event: 2573.289 Thread 0x00007fc4bb02b000 nmethod 1229 0x0000000107764a50 code [0x0000000107764be0, 0x0000000107765088]
Event: 2573.289 Thread 0x00007fc4bb02b000 1230       3       sun.java2d.SunGraphics2D::getClipBounds (102 bytes)
Event: 2573.290 Thread 0x00007fc4bb02b000 nmethod 1230 0x000000010776b8d0 code [0x000000010776bba0, 0x000000010776d308]

GC Heap History (0 events):
No events

Deoptimization events (9 events):
Event: 1.604 Thread 0x00007fc4bb8d7800 Uncommon trap: reason=bimorphic action=maybe_recompile pc=0x000000010756e418 method=java.util.HashMap.getNode(ILjava/lang/Object;)Ljava/util/HashMap$Node; @ 126
Event: 1.604 Thread 0x00007fc4bb8d7800 Uncommon trap: reason=bimorphic action=maybe_recompile pc=0x000000010756e418 method=java.util.HashMap.getNode(ILjava/lang/Object;)Ljava/util/HashMap$Node; @ 126
Event: 1.604 Thread 0x00007fc4bb8d7800 Uncommon trap: reason=bimorphic action=maybe_recompile pc=0x000000010756e418 method=java.util.HashMap.getNode(ILjava/lang/Object;)Ljava/util/HashMap$Node; @ 126
Event: 1.606 Thread 0x00007fc4bb8d7800 Uncommon trap: reason=bimorphic action=maybe_recompile pc=0x000000010756e418 method=java.util.HashMap.getNode(ILjava/lang/Object;)Ljava/util/HashMap$Node; @ 126
Event: 1.606 Thread 0x00007fc4bb8d7800 Uncommon trap: reason=bimorphic action=maybe_recompile pc=0x0000000107569ff4 method=java.util.HashMap.getNode(ILjava/lang/Object;)Ljava/util/HashMap$Node; @ 126
Event: 1454.568 Thread 0x00007fc4bb8d7800 Uncommon trap: reason=class_check action=maybe_recompile pc=0x0000000107501e20 method=java.lang.String.equals(Ljava/lang/Object;)Z @ 8
Event: 1454.568 Thread 0x00007fc4bb8d7800 Uncommon trap: reason=class_check action=maybe_recompile pc=0x0000000107501e20 method=java.lang.String.equals(Ljava/lang/Object;)Z @ 8
Event: 1454.568 Thread 0x00007fc4bb8d7800 Uncommon trap: reason=class_check action=maybe_recompile pc=0x0000000107501e20 method=java.lang.String.equals(Ljava/lang/Object;)Z @ 8
Event: 1454.568 Thread 0x00007fc4bb8d7800 Uncommon trap: reason=class_check action=maybe_recompile pc=0x0000000107501e20 method=java.lang.String.equals(Ljava/lang/Object;)Z @ 8

Internal exceptions (10 events):
Event: 66.845 Thread 0x00007fc4bb8d7800 Exception <a 'java/security/PrivilegedActionException'> (0x000000078c1c0ce8) thrown at [/Users/java_re/workspace/8-2-build-macosx-x86_64/jdk8u31/2394/hotspot/src/share/vm/prims/jvm.cpp, line 1312]
Event: 66.846 Thread 0x00007fc4bb8d7800 Exception <a 'java/security/PrivilegedActionException'> (0x000000078c1c5218) thrown at [/Users/java_re/workspace/8-2-build-macosx-x86_64/jdk8u31/2394/hotspot/src/share/vm/prims/jvm.cpp, line 1312]
Event: 66.848 Thread 0x00007fc4bb8d7800 Exception <a 'java/security/PrivilegedActionException'> (0x000000078c1ca828) thrown at [/Users/java_re/workspace/8-2-build-macosx-x86_64/jdk8u31/2394/hotspot/src/share/vm/prims/jvm.cpp, line 1312]
Event: 66.850 Thread 0x00007fc4bb8d7800 Exception <a 'java/security/PrivilegedActionException'> (0x000000078c1d0930) thrown at [/Users/java_re/workspace/8-2-build-macosx-x86_64/jdk8u31/2394/hotspot/src/share/vm/prims/jvm.cpp, line 1312]
Event: 66.851 Thread 0x00007fc4bb8d7800 Exception <a 'java/security/PrivilegedActionException'> (0x000000078c1d5158) thrown at [/Users/java_re/workspace/8-2-build-macosx-x86_64/jdk8u31/2394/hotspot/src/share/vm/prims/jvm.cpp, line 1312]
Event: 66.853 Thread 0x00007fc4bb8d7800 Exception <a 'java/security/PrivilegedActionException'> (0x000000078c1d9b70) thrown at [/Users/java_re/workspace/8-2-build-macosx-x86_64/jdk8u31/2394/hotspot/src/share/vm/prims/jvm.cpp, line 1312]
Event: 66.855 Thread 0x00007fc4bb8d7800 Exception <a 'java/security/PrivilegedActionException'> (0x000000078c1e0d10) thrown at [/Users/java_re/workspace/8-2-build-macosx-x86_64/jdk8u31/2394/hotspot/src/share/vm/prims/jvm.cpp, line 1312]
Event: 66.857 Thread 0x00007fc4bb8d7800 Exception <a 'java/security/PrivilegedActionException'> (0x000000078c1e68c8) thrown at [/Users/java_re/workspace/8-2-build-macosx-x86_64/jdk8u31/2394/hotspot/src/share/vm/prims/jvm.cpp, line 1312]
Event: 66.861 Thread 0x00007fc4bb8d7800 Exception <a 'java/security/PrivilegedActionException'> (0x000000078c1ead28) thrown at [/Users/java_re/workspace/8-2-build-macosx-x86_64/jdk8u31/2394/hotspot/src/share/vm/prims/jvm.cpp, line 1312]
Event: 66.863 Thread 0x00007fc4bb8d7800 Exception <a 'java/security/PrivilegedActionException'> (0x000000078c1f00a8) thrown at [/Users/java_re/workspace/8-2-build-macosx-x86_64/jdk8u31/2394/hotspot/src/share/vm/prims/jvm.cpp, line 1312]

Events (10 events):
Event: 2567.050 Executing VM operation: GetOrSetLocal done
Event: 2567.050 Executing VM operation: GetOrSetLocal
Event: 2567.050 Executing VM operation: GetOrSetLocal done
Event: 2567.051 Executing VM operation: GetOrSetLocal
Event: 2567.051 Executing VM operation: GetOrSetLocal done
Event: 2567.051 Executing VM operation: GetOrSetLocal
Event: 2567.051 Executing VM operation: GetOrSetLocal done
Event: 2570.468 Executing VM operation: RevokeBias
Event: 2570.468 Executing VM operation: RevokeBias done
Event: 2570.468 Thread 0x00007fc4bb198000 Thread exited: 0x00007fc4bb198000


Dynamic libraries:
0x000000000152f000 	/System/Library/Frameworks/Cocoa.framework/Versions/A/Cocoa
0x000000000152f000 	/System/Library/Frameworks/Security.framework/Versions/A/Security
0x000000000152f000 	/System/Library/Frameworks/ApplicationServices.framework/Versions/A/ApplicationServices
0x000000000152f000 	/usr/lib/libz.1.dylib
0x000000000152f000 	/usr/lib/libSystem.B.dylib
0x000000000152f000 	/usr/lib/libobjc.A.dylib
0x000000000152f000 	/System/Library/Frameworks/CoreFoundation.framework/Versions/A/CoreFoundation
0x000000000152f000 	/System/Library/Frameworks/Foundation.framework/Versions/C/Foundation
0x000000000152f000 	/System/Library/Frameworks/AppKit.framework/Versions/C/AppKit
0x000000000152f000 	/System/Library/Frameworks/CoreData.framework/Versions/A/CoreData
0x000000000152f000 	/System/Library/PrivateFrameworks/RemoteViewServices.framework/Versions/A/RemoteViewServices
0x000000000152f000 	/System/Library/PrivateFrameworks/UIFoundation.framework/Versions/A/UIFoundation
0x000000000152f000 	/System/Library/Frameworks/IOSurface.framework/Versions/A/IOSurface
0x000000000152f000 	/System/Library/Frameworks/AudioToolbox.framework/Versions/A/AudioToolbox
0x000000000152f000 	/System/Library/Frameworks/AudioUnit.framework/Versions/A/AudioUnit
0x000000000152f000 	/System/Library/PrivateFrameworks/DataDetectorsCore.framework/Versions/A/DataDetectorsCore
0x000000000152f000 	/System/Library/PrivateFrameworks/DesktopServicesPriv.framework/Versions/A/DesktopServicesPriv
0x000000000152f000 	/System/Library/Frameworks/Carbon.framework/Versions/A/Frameworks/HIToolbox.framework/Versions/A/HIToolbox
0x000000000152f000 	/System/Library/Frameworks/QuartzCore.framework/Versions/A/QuartzCore
0x000000000152f000 	/System/Library/Frameworks/Carbon.framework/Versions/A/Frameworks/SpeechRecognition.framework/Versions/A/SpeechRecognition
0x000000000152f000 	/usr/lib/libauto.dylib
0x000000000152f000 	/usr/lib/libicucore.A.dylib
0x000000000152f000 	/usr/lib/libxml2.2.dylib
0x000000000152f000 	/System/Library/PrivateFrameworks/CoreUI.framework/Versions/A/CoreUI
0x000000000152f000 	/System/Library/Frameworks/CoreAudio.framework/Versions/A/CoreAudio
0x000000000152f000 	/System/Library/Frameworks/DiskArbitration.framework/Versions/A/DiskArbitration
0x000000000152f000 	/usr/lib/liblangid.dylib
0x000000000152f000 	/System/Library/PrivateFrameworks/MultitouchSupport.framework/Versions/A/MultitouchSupport
0x000000000152f000 	/System/Library/Frameworks/IOKit.framework/Versions/A/IOKit
0x000000000152f000 	/usr/lib/libDiagnosticMessagesClient.dylib
0x000000000152f000 	/System/Library/Frameworks/CoreServices.framework/Versions/A/CoreServices
0x000000000152f000 	/System/Library/PrivateFrameworks/PerformanceAnalysis.framework/Versions/A/PerformanceAnalysis
0x000000000152f000 	/System/Library/PrivateFrameworks/GenerationalStorage.framework/Versions/A/GenerationalStorage
0x000000000152f000 	/System/Library/Frameworks/OpenGL.framework/Versions/A/OpenGL
0x000000000152f000 	/System/Library/PrivateFrameworks/Sharing.framework/Versions/A/Sharing
0x000000000152f000 	/System/Library/Frameworks/CoreGraphics.framework/Versions/A/CoreGraphics
0x000000000152f000 	/System/Library/Frameworks/CoreText.framework/Versions/A/CoreText
0x000000000152f000 	/System/Library/Frameworks/ImageIO.framework/Versions/A/ImageIO
0x000000000152f000 	/usr/lib/libextension.dylib
0x000000000152f000 	/System/Library/PrivateFrameworks/Backup.framework/Versions/A/Backup
0x000000000152f000 	/usr/lib/libarchive.2.dylib
0x000000000152f000 	/System/Library/Frameworks/CFNetwork.framework/Versions/A/CFNetwork
0x000000000152f000 	/System/Library/Frameworks/SystemConfiguration.framework/Versions/A/SystemConfiguration
0x000000000152f000 	/usr/lib/libCRFSuite.dylib
0x000000000152f000 	/usr/lib/libc++.1.dylib
0x000000000152f000 	/usr/lib/libc++abi.dylib
0x000000000152f000 	/usr/lib/system/libcache.dylib
0x000000000152f000 	/usr/lib/system/libcommonCrypto.dylib
0x000000000152f000 	/usr/lib/system/libcompiler_rt.dylib
0x000000000152f000 	/usr/lib/system/libcopyfile.dylib
0x000000000152f000 	/usr/lib/system/libcorecrypto.dylib
0x000000000152f000 	/usr/lib/system/libdispatch.dylib
0x000000000152f000 	/usr/lib/system/libdyld.dylib
0x000000000152f000 	/usr/lib/system/libkeymgr.dylib
0x000000000152f000 	/usr/lib/system/liblaunch.dylib
0x000000000152f000 	/usr/lib/system/libmacho.dylib
0x000000000152f000 	/usr/lib/system/libquarantine.dylib
0x000000000152f000 	/usr/lib/system/libremovefile.dylib
0x000000000152f000 	/usr/lib/system/libsystem_asl.dylib
0x000000000152f000 	/usr/lib/system/libsystem_blocks.dylib
0x000000000152f000 	/usr/lib/system/libsystem_c.dylib
0x000000000152f000 	/usr/lib/system/libsystem_configuration.dylib
0x000000000152f000 	/usr/lib/system/libsystem_coreservices.dylib
0x000000000152f000 	/usr/lib/system/libsystem_coretls.dylib
0x000000000152f000 	/usr/lib/system/libsystem_dnssd.dylib
0x000000000152f000 	/usr/lib/system/libsystem_info.dylib
0x000000000152f000 	/usr/lib/system/libsystem_kernel.dylib
0x000000000152f000 	/usr/lib/system/libsystem_m.dylib
0x000000000152f000 	/usr/lib/system/libsystem_malloc.dylib
0x000000000152f000 	/usr/lib/system/libsystem_network.dylib
0x000000000152f000 	/usr/lib/system/libsystem_networkextension.dylib
0x000000000152f000 	/usr/lib/system/libsystem_notify.dylib
0x000000000152f000 	/usr/lib/system/libsystem_platform.dylib
0x000000000152f000 	/usr/lib/system/libsystem_pthread.dylib
0x000000000152f000 	/usr/lib/system/libsystem_sandbox.dylib
0x000000000152f000 	/usr/lib/system/libsystem_secinit.dylib
0x000000000152f000 	/usr/lib/system/libsystem_stats.dylib
0x000000000152f000 	/usr/lib/system/libsystem_trace.dylib
0x000000000152f000 	/usr/lib/system/libunc.dylib
0x000000000152f000 	/usr/lib/system/libunwind.dylib
0x000000000152f000 	/usr/lib/system/libxpc.dylib
0x000000000152f000 	/usr/lib/libbz2.1.0.dylib
0x000000000152f000 	/usr/lib/liblzma.5.dylib
0x000000000152f000 	/usr/lib/libbsm.0.dylib
0x000000000152f000 	/usr/lib/libsqlite3.dylib
0x000000000152f000 	/usr/lib/system/libkxld.dylib
0x000000000152f000 	/usr/lib/libxar.1.dylib
0x000000000152f000 	/usr/lib/libpam.2.dylib
0x000000000152f000 	/usr/lib/libOpenScriptingUtil.dylib
0x000000000152f000 	/System/Library/Frameworks/CoreServices.framework/Versions/A/Frameworks/FSEvents.framework/Versions/A/FSEvents
0x000000000152f000 	/System/Library/Frameworks/CoreServices.framework/Versions/A/Frameworks/CarbonCore.framework/Versions/A/CarbonCore
0x000000000152f000 	/System/Library/Frameworks/CoreServices.framework/Versions/A/Frameworks/Metadata.framework/Versions/A/Metadata
0x000000000152f000 	/System/Library/Frameworks/CoreServices.framework/Versions/A/Frameworks/OSServices.framework/Versions/A/OSServices
0x000000000152f000 	/System/Library/Frameworks/CoreServices.framework/Versions/A/Frameworks/SearchKit.framework/Versions/A/SearchKit
0x000000000152f000 	/System/Library/Frameworks/CoreServices.framework/Versions/A/Frameworks/AE.framework/Versions/A/AE
0x000000000152f000 	/System/Library/Frameworks/CoreServices.framework/Versions/A/Frameworks/LaunchServices.framework/Versions/A/LaunchServices
0x000000000152f000 	/System/Library/Frameworks/CoreServices.framework/Versions/A/Frameworks/DictionaryServices.framework/Versions/A/DictionaryServices
0x000000000152f000 	/System/Library/Frameworks/NetFS.framework/Versions/A/NetFS
0x000000000152f000 	/System/Library/PrivateFrameworks/NetAuth.framework/Versions/A/NetAuth
0x000000000152f000 	/System/Library/PrivateFrameworks/login.framework/Versions/A/Frameworks/loginsupport.framework/Versions/A/loginsupport
0x000000000152f000 	/System/Library/PrivateFrameworks/TCC.framework/Versions/A/TCC
0x000000000152f000 	/usr/lib/libmecabra.dylib
0x000000000152f000 	/System/Library/Frameworks/ApplicationServices.framework/Versions/A/Frameworks/ATS.framework/Versions/A/ATS
0x000000000152f000 	/System/Library/Frameworks/ApplicationServices.framework/Versions/A/Frameworks/ColorSync.framework/Versions/A/ColorSync
0x000000000152f000 	/System/Library/Frameworks/ApplicationServices.framework/Versions/A/Frameworks/HIServices.framework/Versions/A/HIServices
0x000000000152f000 	/System/Library/Frameworks/ApplicationServices.framework/Versions/A/Frameworks/LangAnalysis.framework/Versions/A/LangAnalysis
0x000000000152f000 	/System/Library/Frameworks/ApplicationServices.framework/Versions/A/Frameworks/PrintCore.framework/Versions/A/PrintCore
0x000000000152f000 	/System/Library/Frameworks/ApplicationServices.framework/Versions/A/Frameworks/QD.framework/Versions/A/QD
0x000000000152f000 	/System/Library/Frameworks/ApplicationServices.framework/Versions/A/Frameworks/SpeechSynthesis.framework/Versions/A/SpeechSynthesis
0x000000000152f000 	/System/Library/Frameworks/Accelerate.framework/Versions/A/Accelerate
0x000000000152f000 	/System/Library/Frameworks/Accelerate.framework/Versions/A/Frameworks/vImage.framework/Versions/A/vImage
0x000000000152f000 	/System/Library/Frameworks/Accelerate.framework/Versions/A/Frameworks/vecLib.framework/Versions/A/vecLib
0x000000000152f000 	/System/Library/Frameworks/Accelerate.framework/Versions/A/Frameworks/vecLib.framework/Versions/A/libvDSP.dylib
0x000000000152f000 	/System/Library/Frameworks/Accelerate.framework/Versions/A/Frameworks/vecLib.framework/Versions/A/libvMisc.dylib
0x000000000152f000 	/System/Library/Frameworks/Accelerate.framework/Versions/A/Frameworks/vecLib.framework/Versions/A/libLAPACK.dylib
0x000000000152f000 	/System/Library/Frameworks/Accelerate.framework/Versions/A/Frameworks/vecLib.framework/Versions/A/libBLAS.dylib
0x000000000152f000 	/System/Library/Frameworks/Accelerate.framework/Versions/A/Frameworks/vecLib.framework/Versions/A/libLinearAlgebra.dylib
0x000000000152f000 	/System/Library/Frameworks/ApplicationServices.framework/Versions/A/Frameworks/ATS.framework/Versions/A/Resources/libFontParser.dylib
0x000000000152f000 	/System/Library/Frameworks/ApplicationServices.framework/Versions/A/Frameworks/ATS.framework/Versions/A/Resources/libFontRegistry.dylib
0x000000000152f000 	/System/Library/PrivateFrameworks/AppleVPA.framework/Versions/A/AppleVPA
0x000000000152f000 	/System/Library/PrivateFrameworks/AppleJPEG.framework/Versions/A/AppleJPEG
0x000000000152f000 	/System/Library/Frameworks/ImageIO.framework/Versions/A/Resources/libJPEG.dylib
0x000000000152f000 	/System/Library/Frameworks/ImageIO.framework/Versions/A/Resources/libTIFF.dylib
0x000000000152f000 	/System/Library/Frameworks/ImageIO.framework/Versions/A/Resources/libPng.dylib
0x000000000152f000 	/System/Library/Frameworks/ImageIO.framework/Versions/A/Resources/libGIF.dylib
0x000000000152f000 	/System/Library/Frameworks/ImageIO.framework/Versions/A/Resources/libJP2.dylib
0x000000000152f000 	/System/Library/Frameworks/ImageIO.framework/Versions/A/Resources/libRadiance.dylib
0x000000000152f000 	/System/Library/Frameworks/CoreVideo.framework/Versions/A/CoreVideo
0x000000000152f000 	/System/Library/Frameworks/OpenGL.framework/Versions/A/Libraries/libGLU.dylib
0x000000000152f000 	/System/Library/Frameworks/OpenGL.framework/Versions/A/Libraries/libGFXShared.dylib
0x000000000152f000 	/System/Library/Frameworks/OpenGL.framework/Versions/A/Libraries/libGL.dylib
0x000000000152f000 	/System/Library/Frameworks/OpenGL.framework/Versions/A/Libraries/libGLImage.dylib
0x000000000152f000 	/System/Library/Frameworks/OpenGL.framework/Versions/A/Libraries/libCVMSPluginSupport.dylib
0x000000000152f000 	/System/Library/Frameworks/OpenGL.framework/Versions/A/Libraries/libCoreVMClient.dylib
0x000000000152f000 	/usr/lib/libcups.2.dylib
0x000000000152f000 	/System/Library/Frameworks/Kerberos.framework/Versions/A/Kerberos
0x000000000152f000 	/System/Library/Frameworks/GSS.framework/Versions/A/GSS
0x000000000152f000 	/usr/lib/libresolv.9.dylib
0x000000000152f000 	/usr/lib/libiconv.2.dylib
0x000000000152f000 	/System/Library/PrivateFrameworks/Heimdal.framework/Versions/A/Heimdal
0x000000000152f000 	/usr/lib/libheimdal-asn1.dylib
0x000000000152f000 	/System/Library/Frameworks/OpenDirectory.framework/Versions/A/OpenDirectory
0x000000000152f000 	/System/Library/PrivateFrameworks/CommonAuth.framework/Versions/A/CommonAuth
0x000000000152f000 	/System/Library/Frameworks/OpenDirectory.framework/Versions/A/Frameworks/CFOpenDirectory.framework/Versions/A/CFOpenDirectory
0x000000000152f000 	/System/Library/Frameworks/SecurityFoundation.framework/Versions/A/SecurityFoundation
0x000000000152f000 	/System/Library/PrivateFrameworks/LanguageModeling.framework/Versions/A/LanguageModeling
0x000000000152f000 	/usr/lib/libcmph.dylib
0x000000000152f000 	/System/Library/Frameworks/ServiceManagement.framework/Versions/A/ServiceManagement
0x000000000152f000 	/usr/lib/libxslt.1.dylib
0x000000000152f000 	/System/Library/Frameworks/Carbon.framework/Versions/A/Frameworks/Ink.framework/Versions/A/Ink
0x000000000152f000 	/System/Library/Frameworks/QuartzCore.framework/Versions/A/Frameworks/CoreImage.framework/Versions/A/CoreImage
0x000000000152f000 	/System/Library/PrivateFrameworks/CrashReporterSupport.framework/Versions/A/CrashReporterSupport
0x000000000152f000 	/System/Library/Frameworks/OpenCL.framework/Versions/A/OpenCL
0x000000000152f000 	/System/Library/PrivateFrameworks/FaceCore.framework/Versions/A/FaceCore
0x000000000152f000 	/System/Library/PrivateFrameworks/Ubiquity.framework/Versions/A/Ubiquity
0x000000000152f000 	/System/Library/PrivateFrameworks/IconServices.framework/Versions/A/IconServices
0x000000000152f000 	/System/Library/PrivateFrameworks/ChunkingLibrary.framework/Versions/A/ChunkingLibrary
0x000000000152f000 	/System/Library/PrivateFrameworks/Apple80211.framework/Versions/A/Apple80211
0x000000000152f000 	/System/Library/Frameworks/CoreWLAN.framework/Versions/A/CoreWLAN
0x000000000152f000 	/System/Library/Frameworks/IOBluetooth.framework/Versions/A/IOBluetooth
0x000000000152f000 	/System/Library/PrivateFrameworks/CoreWiFi.framework/Versions/A/CoreWiFi
0x000000000152f000 	/System/Library/Frameworks/CoreBluetooth.framework/Versions/A/CoreBluetooth
0x000000000152f000 	/System/Library/PrivateFrameworks/DebugSymbols.framework/Versions/A/DebugSymbols
0x000000000152f000 	/System/Library/PrivateFrameworks/CoreSymbolication.framework/Versions/A/CoreSymbolication
0x000000000152f000 	/System/Library/PrivateFrameworks/Symbolication.framework/Versions/A/Symbolication
0x000000000152f000 	/System/Library/PrivateFrameworks/SpeechRecognitionCore.framework/Versions/A/SpeechRecognitionCore
0x0000000106400000 	/Library/Java/JavaVirtualMachines/jdk1.8.0_31.jdk/Contents/Home/jre/lib/server/libjvm.dylib
0x000000000152f000 	/usr/lib/libstdc++.6.dylib
0x000000010538a000 	/Library/Java/JavaVirtualMachines/jdk1.8.0_31.jdk/Contents/Home/jre/lib/libverify.dylib
0x0000000105398000 	/Library/Java/JavaVirtualMachines/jdk1.8.0_31.jdk/Contents/Home/jre/lib/libjava.dylib
0x000000010731f000 	/Library/Java/JavaVirtualMachines/jdk1.8.0_31.jdk/Contents/Home/jre/lib/libjdwp.dylib
0x00000001053cd000 	/Library/Java/JavaVirtualMachines/jdk1.8.0_31.jdk/Contents/Home/jre/lib/libnpt.dylib
0x00000001053da000 	/Library/Java/JavaVirtualMachines/jdk1.8.0_31.jdk/Contents/Home/jre/lib/libzip.dylib
0x00000001053e4000 	/System/Library/Frameworks/JavaVM.framework/Frameworks/JavaRuntimeSupport.framework/JavaRuntimeSupport
0x000000011f720000 	/System/Library/Frameworks/JavaVM.framework/Versions/A/Frameworks/JavaNativeFoundation.framework/Versions/A/JavaNativeFoundation
0x000000011f735000 	/System/Library/Frameworks/JavaVM.framework/Versions/A/JavaVM
0x000000000152f000 	/System/Library/Frameworks/Carbon.framework/Versions/A/Carbon
0x000000011f742000 	/System/Library/PrivateFrameworks/JavaLaunching.framework/Versions/A/JavaLaunching
0x000000000152f000 	/System/Library/Frameworks/Carbon.framework/Versions/A/Frameworks/CommonPanels.framework/Versions/A/CommonPanels
0x000000000152f000 	/System/Library/Frameworks/Carbon.framework/Versions/A/Frameworks/Help.framework/Versions/A/Help
0x000000000152f000 	/System/Library/Frameworks/Carbon.framework/Versions/A/Frameworks/ImageCapture.framework/Versions/A/ImageCapture
0x000000000152f000 	/System/Library/Frameworks/Carbon.framework/Versions/A/Frameworks/OpenScripting.framework/Versions/A/OpenScripting
0x000000000152f000 	/System/Library/Frameworks/Carbon.framework/Versions/A/Frameworks/Print.framework/Versions/A/Print
0x000000000152f000 	/System/Library/Frameworks/Carbon.framework/Versions/A/Frameworks/SecurityHI.framework/Versions/A/SecurityHI
0x0000000121129000 	/Library/Java/JavaVirtualMachines/jdk1.8.0_31.jdk/Contents/Home/jre/lib/libdt_socket.dylib
0x0000000121a87000 	/Library/Java/JavaVirtualMachines/jdk1.8.0_31.jdk/Contents/Home/jre/lib/libawt.dylib
0x0000000121b36000 	/Library/Java/JavaVirtualMachines/jdk1.8.0_31.jdk/Contents/Home/jre/lib/./libmlib_image.dylib
0x0000000121c02000 	/Library/Java/JavaVirtualMachines/jdk1.8.0_31.jdk/Contents/Home/jre/lib/libawt_lwawt.dylib
0x0000000121cb5000 	/Library/Java/JavaVirtualMachines/jdk1.8.0_31.jdk/Contents/Home/jre/lib/./libosxapp.dylib
0x000000000152f000 	/System/Library/Frameworks/ExceptionHandling.framework/Versions/A/ExceptionHandling
0x000000000152f000 	/System/Library/PrivateFrameworks/CoreServicesInternal.framework/Versions/A/CoreServicesInternal
0x000000000152f000 	/System/Library/PrivateFrameworks/CloudDocs.framework/Versions/A/CloudDocs
0x000000000152f000 	/System/Library/PrivateFrameworks/CoreDuet.framework/Versions/A/CoreDuet
0x000000000152f000 	/System/Library/Frameworks/CloudKit.framework/Versions/A/CloudKit
0x000000000152f000 	/System/Library/PrivateFrameworks/ProtocolBuffer.framework/Versions/A/ProtocolBuffer
0x000000000152f000 	/System/Library/PrivateFrameworks/CoreDuetDaemonProtocol.framework/Versions/A/CoreDuetDaemonProtocol
0x000000000152f000 	/System/Library/PrivateFrameworks/CoreDuetDebugLogging.framework/Versions/A/CoreDuetDebugLogging
0x000000000152f000 	/System/Library/PrivateFrameworks/MMCS.framework/Versions/A/MMCS
0x000000000152f000 	/System/Library/Frameworks/CoreLocation.framework/Versions/A/CoreLocation
0x000000000152f000 	/System/Library/PrivateFrameworks/ProtectedCloudStorage.framework/Versions/A/ProtectedCloudStorage
0x000000000152f000 	/System/Library/PrivateFrameworks/GeoServices.framework/Versions/A/GeoServices
0x000000000152f000 	/System/Library/Frameworks/CoreGraphics.framework/Versions/A/Resources/libCGCMS.A.dylib
0x000000000152f000 	/System/Library/Frameworks/CoreGraphics.framework/Versions/A/Resources/libRIP.A.dylib
0x000000000152f000 	/System/Library/Frameworks/CoreGraphics.framework/Versions/A/Resources/libCGXType.A.dylib
0x000000000152f000 	/System/Library/Frameworks/OpenCL.framework/Versions/A/Libraries/libcldcpuengine.dylib
0x000000000152f000 	/System/Library/PrivateFrameworks/DiskImages.framework/Versions/A/DiskImages
0x000000000152f000 	/System/Library/Frameworks/DiscRecording.framework/Versions/A/DiscRecording
0x000000000152f000 	/usr/lib/libcsfde.dylib
0x000000000152f000 	/usr/lib/libcurl.4.dylib
0x000000000152f000 	/System/Library/PrivateFrameworks/MediaKit.framework/Versions/A/MediaKit
0x000000000152f000 	/usr/lib/libCoreStorage.dylib
0x000000000152f000 	/System/Library/PrivateFrameworks/EFILogin.framework/Versions/A/EFILogin
0x000000000152f000 	/usr/lib/libutil.dylib
0x000000000152f000 	/System/Library/PrivateFrameworks/FindMyDevice.framework/Versions/A/FindMyDevice
0x000000000152f000 	/System/Library/Frameworks/LDAP.framework/Versions/A/LDAP
0x000000000152f000 	/usr/lib/libsasl2.2.dylib
0x000000000152f000 	/System/Library/PrivateFrameworks/CoreDaemon.framework/Versions/B/CoreDaemon
0x000000000152f000 	/usr/lib/libcrypto.0.9.8.dylib
0x000000000152f000 	/System/Library/PrivateFrameworks/AppleSRP.framework/Versions/A/AppleSRP
0x000000000152f000 	/System/Library/PrivateFrameworks/TrustEvaluationAgent.framework/Versions/A/TrustEvaluationAgent
0x0000000122047000 	cl_kernels
0x0000000124c3f000 	/System/Library/Frameworks/OpenCL.framework/Versions/A/Libraries/ImageFormats/unorm8_bgra.dylib
0x0000000122038000 	cl_kernels
0x000000000152f000 	/System/Library/PrivateFrameworks/FamilyControls.framework/Versions/A/FamilyControls
0x000000000152f000 	/System/Library/PrivateFrameworks/CommerceKit.framework/Versions/A/Frameworks/CommerceCore.framework/Versions/A/CommerceCore
0x000000000152f000 	/System/Library/PrivateFrameworks/SystemAdministration.framework/Versions/A/SystemAdministration
0x000000000152f000 	/System/Library/PrivateFrameworks/AppContainer.framework/Versions/A/AppContainer
0x000000000152f000 	/System/Library/PrivateFrameworks/SecCodeWrapper.framework/Versions/A/SecCodeWrapper
0x000000000152f000 	/System/Library/Frameworks/DirectoryService.framework/Versions/A/DirectoryService
0x000000000152f000 	/System/Library/PrivateFrameworks/LoginUIKit.framework/Versions/A/Frameworks/LoginUICore.framework/Versions/A/LoginUICore
0x000000000152f000 	/usr/lib/libodfde.dylib
0x0000000125f0b000 	/Library/Java/JavaVirtualMachines/jdk1.8.0_31.jdk/Contents/Home/jre/lib/libfontmanager.dylib
0x000000000152f000 	/System/Library/Frameworks/OpenGL.framework/Versions/A/Resources/GLEngine.bundle/GLEngine
0x000000000152f000 	/System/Library/Frameworks/OpenGL.framework/Versions/A/Libraries/libGLProgrammability.dylib
0x0000000126178000 	/System/Library/Extensions/AppleIntelHD3000GraphicsGLDriver.bundle/Contents/MacOS/AppleIntelHD3000GraphicsGLDriver
0x0000000124094000 	/System/Library/PrivateFrameworks/GPUSupport.framework/Versions/A/Libraries/libGPUSupport.dylib
0x00000001265f9000 	/System/Library/Extensions/AMDRadeonX3000GLDriver.bundle/Contents/MacOS/AMDRadeonX3000GLDriver
0x000000000152f000 	/System/Library/PrivateFrameworks/IOAccelerator.framework/Versions/A/IOAccelerator
0x000000000152f000 	/System/Library/PrivateFrameworks/GPUSupport.framework/Versions/A/Libraries/libGPUSupportMercury.dylib
0x000000000152f000 	/System/Library/Frameworks/OpenGL.framework/Versions/A/Resources/GLRendererFloat.bundle/GLRendererFloat
0x0000000126a91000 	/Library/Java/JavaVirtualMachines/jdk1.8.0_31.jdk/Contents/Home/jre/lib/libosxui.dylib
0x0000000127afc000 	/Library/Java/JavaVirtualMachines/jdk1.8.0_31.jdk/Contents/Home/jre/lib/libnet.dylib
0x0000000127b5b000 	/Library/Java/JavaVirtualMachines/jdk1.8.0_31.jdk/Contents/Home/jre/lib/libnio.dylib
0x000000000152f000 	/System/Library/Frameworks/Accelerate.framework/Versions/A/Frameworks/vImage.framework/Versions/A/Libraries/libCGInterfaces.dylib
0x000000011f755000 	/Library/Java/JavaVirtualMachines/jdk1.8.0_31.jdk/Contents/Home/jre/lib/libsunec.dylib

VM Arguments:
jvm_args: -agentlib:jdwp=transport=dt_socket,suspend=y,address=localhost:49266 -Dfile.encoding=UTF-8 
java_command: com.dev.frontend.panels.Main
java_class_path (initial): /Users/Sadique/Downloads/frontend/target/classes:/Users/Sadique/.m2/repository/org/apache/httpcomponents/httpclient/4.1-alpha1/httpclient-4.1-alpha1.jar:/Users/Sadique/.m2/repository/org/apache/httpcomponents/httpcore/4.1-alpha1/httpcore-4.1-alpha1.jar:/Users/Sadique/.m2/repository/commons-logging/commons-logging/1.1.1/commons-logging-1.1.1.jar:/Users/Sadique/.m2/repository/commons-codec/commons-codec/1.3/commons-codec-1.3.jar
Launcher Type: SUN_STANDARD

Environment Variables:
PATH=/usr/bin:/bin:/usr/sbin:/sbin
SHELL=/bin/bash

Signal Handlers:
SIGSEGV: [libjvm.dylib+0x57a0e7], sa_mask[0]=11111111011111110111111111111111, sa_flags=SA_ONSTACK|SA_RESTART|SA_SIGINFO
SIGBUS: [libjvm.dylib+0x57a0e7], sa_mask[0]=11111111011111110111111111111111, sa_flags=SA_RESTART|SA_SIGINFO
SIGFPE: [libjvm.dylib+0x45af24], sa_mask[0]=11111111011111110111111111111111, sa_flags=SA_RESTART|SA_SIGINFO
SIGPIPE: [libjvm.dylib+0x45af24], sa_mask[0]=11111111011111110111111111111111, sa_flags=SA_RESTART|SA_SIGINFO
SIGXFSZ: [libjvm.dylib+0x45af24], sa_mask[0]=11111111011111110111111111111111, sa_flags=SA_RESTART|SA_SIGINFO
SIGILL: [libjvm.dylib+0x45af24], sa_mask[0]=11111111011111110111111111111111, sa_flags=SA_RESTART|SA_SIGINFO
SIGUSR1: SIG_DFL, sa_mask[0]=00000000000000000000000000000000, sa_flags=none
SIGUSR2: [libjvm.dylib+0x45aa42], sa_mask[0]=00100000000000000000000000000000, sa_flags=SA_RESTART|SA_SIGINFO
SIGHUP: [libjvm.dylib+0x459015], sa_mask[0]=11111111011111110111111111111111, sa_flags=SA_RESTART|SA_SIGINFO
SIGINT: [libjvm.dylib+0x459015], sa_mask[0]=11111111011111110111111111111111, sa_flags=SA_RESTART|SA_SIGINFO
SIGTERM: [libjvm.dylib+0x459015], sa_mask[0]=11111111011111110111111111111111, sa_flags=SA_RESTART|SA_SIGINFO
SIGQUIT: [libjvm.dylib+0x459015], sa_mask[0]=11111111011111110111111111111111, sa_flags=SA_RESTART|SA_SIGINFO


---------------  S Y S T E M  ---------------

OS:Bsduname:Darwin 14.5.0 Darwin Kernel Version 14.5.0: Wed Jul 29 02:26:53 PDT 2015; root:xnu-2782.40.9~1/RELEASE_X86_64 x86_64
rlimit: STACK 8192k, CORE 0k, NPROC 709, NOFILE 10240, AS infinity
load average:2.10 2.00 1.99

CPU:total 8 (4 cores per cpu, 2 threads per core) family 6 model 42 stepping 7, cmov, cx8, fxsr, mmx, sse, sse2, sse3, ssse3, sse4.1, sse4.2, popcnt, avx, aes, clmul, ht, tsc, tscinvbit

Memory: 4k page, physical 10485760k(320528k free)

/proc/meminfo:


vm_info: Java HotSpot(TM) 64-Bit Server VM (25.31-b07) for bsd-amd64 JRE (1.8.0_31-b13), built on Dec 17 2014 20:45:36 by "java_re" with gcc 4.2.1 (Based on Apple Inc. build 5658) (LLVM build 2336.11.00)

time: Mon Nov 16 02:11:33 2015
elapsed time: 2578 seconds (0d 0h 42m 58s)

